c:\users\masha\desktop\fightclub\sc_gpu\sc_gpu\debug\vc120.pdb
c:\users\masha\desktop\fightclub\sc_gpu\sc_gpu\debug\vc120.idb
c:\users\masha\desktop\fightclub\sc_gpu\sc_gpu\debug\decoder.obj
c:\users\masha\desktop\fightclub\sc_gpu\sc_gpu\debug\main.obj
c:\users\masha\desktop\sc_gpu\sc_gpu\debug\vc120.pdb
c:\users\masha\desktop\sc_gpu\sc_gpu\debug\vc120.idb
c:\users\masha\desktop\sc_gpu\sc_gpu\debug\ctransformation.obj
c:\users\masha\desktop\sc_gpu\sc_gpu\debug\decoder.obj
c:\users\masha\desktop\sc_gpu\sc_gpu\debug\encoder.obj
c:\users\masha\desktop\sc_gpu\sc_gpu\debug\main.obj
c:\users\masha\desktop\sc_gpu\sc_gpu\debug\meancount.obj
c:\users\masha\desktop\sc_gpu\sc_gpu\debug\noise.obj
c:\users\masha\desktop\sc_gpu\sc_gpu\debug\scdecoder.obj
c:\users\masha\desktop\fightclub\sc_gpu\debug\sc_gpu.ilk
c:\users\masha\desktop\fightclub\sc_gpu\debug\sc_gpu.exe
c:\users\masha\desktop\fightclub\sc_gpu\debug\sc_gpu.pdb
c:\users\masha\desktop\sc_gpu\debug\sc_gpu.ilk
c:\users\masha\desktop\sc_gpu\debug\sc_gpu.exe
c:\users\masha\desktop\sc_gpu\debug\sc_gpu.pdb
c:\users\masha\desktop\sc_gpu\sc_gpu\debug\sc_gpu.tlog\cl.command.1.tlog
c:\users\masha\desktop\sc_gpu\sc_gpu\debug\sc_gpu.tlog\cl.read.1.tlog
c:\users\masha\desktop\sc_gpu\sc_gpu\debug\sc_gpu.tlog\cl.write.1.tlog
c:\users\masha\desktop\sc_gpu\sc_gpu\debug\sc_gpu.tlog\link.command.1.tlog
c:\users\masha\desktop\sc_gpu\sc_gpu\debug\sc_gpu.tlog\link.read.1.tlog
c:\users\masha\desktop\sc_gpu\sc_gpu\debug\sc_gpu.tlog\link.write.1.tlog
